[1.424s] DEBUG:colcon:Command line arguments: ['/usr/bin/colcon', 'build']
[1.424s] DEBUG:colcon:Parsed command line arguments: Namespace(log_base=None, log_level=None, verb_name='build', build_base='build', install_base='install', merge_install=False, symlink_install=False, test_result_base=None, continue_on_error=False, executor='parallel', parallel_workers=4, event_handlers=None, ignore_user_meta=False, metas=['./colcon.meta'], base_paths=['.'], packages_ignore=None, packages_ignore_regex=None, paths=None, packages_up_to=None, packages_up_to_regex=None, packages_above=None, packages_above_and_dependencies=None, packages_above_depth=None, packages_select_by_dep=None, packages_skip_by_dep=None, packages_skip_up_to=None, packages_select_build_failed=False, packages_skip_build_finished=False, packages_select_test_failures=False, packages_skip_test_passed=False, packages_select=None, packages_skip=None, packages_select_regex=None, packages_skip_regex=None, packages_start=None, packages_end=None, allow_overriding=[], cmake_args=None, cmake_target=None, cmake_target_skip_unavailable=False, cmake_clean_cache=False, cmake_clean_first=False, cmake_force_configure=False, ament_cmake_args=None, catkin_cmake_args=None, catkin_skip_building_tests=False, verb_parser=<colcon_defaults.argument_parser.defaults.DefaultArgumentsDecorator object at 0xffffb986f250>, verb_extension=<colcon_core.verb.build.BuildVerb object at 0xffffb9ba8640>, main=<bound method BuildVerb.main of <colcon_core.verb.build.BuildVerb object at 0xffffb9ba8640>>)
[1.568s] Level 1:colcon.colcon_core.package_discovery:discover_packages(colcon_meta) check parameters
[1.568s] Level 1:colcon.colcon_core.package_discovery:discover_packages(recursive) check parameters
[1.568s] Level 1:colcon.colcon_core.package_discovery:discover_packages(ignore) check parameters
[1.568s] Level 1:colcon.colcon_core.package_discovery:discover_packages(path) check parameters
[1.569s] Level 1:colcon.colcon_core.package_discovery:discover_packages(colcon_meta) discover
[1.569s] Level 1:colcon.colcon_core.package_discovery:discover_packages(recursive) discover
[1.569s] INFO:colcon.colcon_core.package_discovery:Crawling recursively for packages in '/home/mr/msr_ws'
[1.569s] Level 1:colcon.colcon_core.package_identification:_identify(.) by extensions ['ignore', 'ignore_ament_install']
[1.570s] Level 1:colcon.colcon_core.package_identification:_identify(.) by extension 'ignore'
[1.570s] Level 1:colcon.colcon_core.package_identification:_identify(.) by extension 'ignore_ament_install'
[1.570s] Level 1:colcon.colcon_core.package_identification:_identify(.) by extensions ['colcon_pkg']
[1.571s] Level 1:colcon.colcon_core.package_identification:_identify(.) by extension 'colcon_pkg'
[1.571s] Level 1:colcon.colcon_core.package_identification:_identify(.) by extensions ['colcon_meta']
[1.571s] Level 1:colcon.colcon_core.package_identification:_identify(.) by extension 'colcon_meta'
[1.571s] Level 1:colcon.colcon_core.package_identification:_identify(.) by extensions ['ros']
[1.571s] Level 1:colcon.colcon_core.package_identification:_identify(.) by extension 'ros'
[1.621s] Level 1:colcon.colcon_core.package_identification:_identify(.) by extensions ['cmake', 'python']
[1.621s] Level 1:colcon.colcon_core.package_identification:_identify(.) by extension 'cmake'
[1.621s] Level 1:colcon.colcon_core.package_identification:_identify(.) by extension 'python'
[1.621s] Level 1:colcon.colcon_core.package_identification:_identify(.) by extensions ['python_setup_py']
[1.622s] Level 1:colcon.colcon_core.package_identification:_identify(.) by extension 'python_setup_py'
[1.622s] Level 1:colcon.colcon_core.package_identification:_identify(build) by extensions ['ignore', 'ignore_ament_install']
[1.623s] Level 1:colcon.colcon_core.package_identification:_identify(build) by extension 'ignore'
[1.623s] Level 1:colcon.colcon_core.package_identification:_identify(build) ignored
[1.624s] Level 1:colcon.colcon_core.package_identification:_identify(install) by extensions ['ignore', 'ignore_ament_install']
[1.624s] Level 1:colcon.colcon_core.package_identification:_identify(install) by extension 'ignore'
[1.624s] Level 1:colcon.colcon_core.package_identification:_identify(install) ignored
[1.625s] Level 1:colcon.colcon_core.package_identification:_identify(log) by extensions ['ignore', 'ignore_ament_install']
[1.625s] Level 1:colcon.colcon_core.package_identification:_identify(log) by extension 'ignore'
[1.626s] Level 1:colcon.colcon_core.package_identification:_identify(log) ignored
[1.626s] Level 1:colcon.colcon_core.package_identification:_identify(src) by extensions ['ignore', 'ignore_ament_install']
[1.626s] Level 1:colcon.colcon_core.package_identification:_identify(src) by extension 'ignore'
[1.627s] Level 1:colcon.colcon_core.package_identification:_identify(src) by extension 'ignore_ament_install'
[1.627s] Level 1:colcon.colcon_core.package_identification:_identify(src) by extensions ['colcon_pkg']
[1.627s] Level 1:colcon.colcon_core.package_identification:_identify(src) by extension 'colcon_pkg'
[1.627s] Level 1:colcon.colcon_core.package_identification:_identify(src) by extensions ['colcon_meta']
[1.627s] Level 1:colcon.colcon_core.package_identification:_identify(src) by extension 'colcon_meta'
[1.628s] Level 1:colcon.colcon_core.package_identification:_identify(src) by extensions ['ros']
[1.628s] Level 1:colcon.colcon_core.package_identification:_identify(src) by extension 'ros'
[1.628s] Level 1:colcon.colcon_core.package_identification:_identify(src) by extensions ['cmake', 'python']
[1.628s] Level 1:colcon.colcon_core.package_identification:_identify(src) by extension 'cmake'
[1.628s] Level 1:colcon.colcon_core.package_identification:_identify(src) by extension 'python'
[1.629s] Level 1:colcon.colcon_core.package_identification:_identify(src) by extensions ['python_setup_py']
[1.629s] Level 1:colcon.colcon_core.package_identification:_identify(src) by extension 'python_setup_py'
[1.629s] Level 1:colcon.colcon_core.package_identification:_identify(src/teleop) by extensions ['ignore', 'ignore_ament_install']
[1.630s] Level 1:colcon.colcon_core.package_identification:_identify(src/teleop) by extension 'ignore'
[1.630s] Level 1:colcon.colcon_core.package_identification:_identify(src/teleop) by extension 'ignore_ament_install'
[1.630s] Level 1:colcon.colcon_core.package_identification:_identify(src/teleop) by extensions ['colcon_pkg']
[1.630s] Level 1:colcon.colcon_core.package_identification:_identify(src/teleop) by extension 'colcon_pkg'
[1.630s] Level 1:colcon.colcon_core.package_identification:_identify(src/teleop) by extensions ['colcon_meta']
[1.630s] Level 1:colcon.colcon_core.package_identification:_identify(src/teleop) by extension 'colcon_meta'
[1.631s] Level 1:colcon.colcon_core.package_identification:_identify(src/teleop) by extensions ['ros']
[1.631s] Level 1:colcon.colcon_core.package_identification:_identify(src/teleop) by extension 'ros'
[1.640s] DEBUG:colcon.colcon_core.package_identification:Package 'src/teleop' with type 'ros.ament_python' and name 'teleop'
[1.640s] Level 1:colcon.colcon_core.package_discovery:discover_packages(recursive) using defaults
[1.640s] Level 1:colcon.colcon_core.package_discovery:discover_packages(ignore) discover
[1.640s] Level 1:colcon.colcon_core.package_discovery:discover_packages(ignore) using defaults
[1.641s] Level 1:colcon.colcon_core.package_discovery:discover_packages(path) discover
[1.641s] Level 1:colcon.colcon_core.package_discovery:discover_packages(path) using defaults
[1.736s] Level 1:colcon.colcon_core.package_discovery:discover_packages(prefix_path) check parameters
[1.736s] Level 1:colcon.colcon_core.package_discovery:discover_packages(prefix_path) discover
[1.748s] DEBUG:colcon.colcon_installed_package_information.package_discovery:Found 1 installed packages in /home/mr/msr_ws/install
[1.759s] DEBUG:colcon.colcon_installed_package_information.package_discovery:Found 270 installed packages in /opt/ros/humble
[1.765s] Level 1:colcon.colcon_core.package_discovery:discover_packages(prefix_path) using defaults
[2.027s] Level 5:colcon.colcon_core.verb:set package 'teleop' build argument 'cmake_args' from command line to 'None'
[2.027s] Level 5:colcon.colcon_core.verb:set package 'teleop' build argument 'cmake_target' from command line to 'None'
[2.027s] Level 5:colcon.colcon_core.verb:set package 'teleop' build argument 'cmake_target_skip_unavailable' from command line to 'False'
[2.027s] Level 5:colcon.colcon_core.verb:set package 'teleop' build argument 'cmake_clean_cache' from command line to 'False'
[2.028s] Level 5:colcon.colcon_core.verb:set package 'teleop' build argument 'cmake_clean_first' from command line to 'False'
[2.028s] Level 5:colcon.colcon_core.verb:set package 'teleop' build argument 'cmake_force_configure' from command line to 'False'
[2.028s] Level 5:colcon.colcon_core.verb:set package 'teleop' build argument 'ament_cmake_args' from command line to 'None'
[2.028s] Level 5:colcon.colcon_core.verb:set package 'teleop' build argument 'catkin_cmake_args' from command line to 'None'
[2.028s] Level 5:colcon.colcon_core.verb:set package 'teleop' build argument 'catkin_skip_building_tests' from command line to 'False'
[2.028s] DEBUG:colcon.colcon_core.verb:Building package 'teleop' with the following arguments: {'ament_cmake_args': None, 'build_base': '/home/mr/msr_ws/build/teleop', 'catkin_cmake_args': None, 'catkin_skip_building_tests': False, 'cmake_args': None, 'cmake_clean_cache': False, 'cmake_clean_first': False, 'cmake_force_configure': False, 'cmake_target': None, 'cmake_target_skip_unavailable': False, 'install_base': '/home/mr/msr_ws/install/teleop', 'merge_install': False, 'path': '/home/mr/msr_ws/src/teleop', 'symlink_install': False, 'test_result_base': None}
[2.031s] INFO:colcon.colcon_core.executor:Executing jobs using 'parallel' executor
[2.045s] DEBUG:colcon.colcon_parallel_executor.executor.parallel:run_until_complete
[2.046s] INFO:colcon.colcon_ros.task.ament_python.build:Building ROS package in '/home/mr/msr_ws/src/teleop' with build type 'ament_python'
[2.047s] Level 1:colcon.colcon_core.shell:create_environment_hook('teleop', 'ament_prefix_path')
[2.078s] INFO:colcon.colcon_core.plugin_system:Skipping extension 'colcon_core.shell.bat': Not used on non-Windows systems
[2.081s] INFO:colcon.colcon_core.shell:Creating environment hook '/home/mr/msr_ws/install/teleop/share/teleop/hook/ament_prefix_path.ps1'
[2.087s] INFO:colcon.colcon_core.shell:Creating environment descriptor '/home/mr/msr_ws/install/teleop/share/teleop/hook/ament_prefix_path.dsv'
[2.091s] INFO:colcon.colcon_core.shell:Creating environment hook '/home/mr/msr_ws/install/teleop/share/teleop/hook/ament_prefix_path.sh'
[2.101s] INFO:colcon.colcon_core.shell:Skip shell extension 'powershell' for command environment: Not usable outside of PowerShell
[2.102s] DEBUG:colcon.colcon_core.shell:Skip shell extension 'dsv' for command environment
[3.572s] INFO:colcon.colcon_core.task.python.build:Building Python package in '/home/mr/msr_ws/src/teleop'
[3.578s] INFO:colcon.colcon_core.shell:Skip shell extension 'powershell' for command environment: Not usable outside of PowerShell
[3.578s] DEBUG:colcon.colcon_core.shell:Skip shell extension 'dsv' for command environment
[5.140s] DEBUG:colcon.colcon_core.event_handler.log_command:Invoking command in '/home/mr/msr_ws/src/teleop': PYTHONPATH=/home/mr/msr_ws/build/teleop/prefix_override:/home/mr/msr_ws/install/teleop/lib/python3.10/site-packages:${PYTHONPATH} /usr/bin/python3 setup.py egg_info --egg-base ../../build/teleop build --build-base /home/mr/msr_ws/build/teleop/build install --record /home/mr/msr_ws/build/teleop/install.log --single-version-externally-managed
[6.542s] DEBUG:colcon.colcon_core.event_handler.log_command:Invoked command in '/home/mr/msr_ws/src/teleop' returned '0': PYTHONPATH=/home/mr/msr_ws/build/teleop/prefix_override:/home/mr/msr_ws/install/teleop/lib/python3.10/site-packages:${PYTHONPATH} /usr/bin/python3 setup.py egg_info --egg-base ../../build/teleop build --build-base /home/mr/msr_ws/build/teleop/build install --record /home/mr/msr_ws/build/teleop/install.log --single-version-externally-managed
[6.560s] Level 1:colcon.colcon_core.environment:checking '/home/mr/msr_ws/install/teleop' for CMake module files
[6.562s] Level 1:colcon.colcon_core.environment:checking '/home/mr/msr_ws/install/teleop' for CMake config files
[6.566s] Level 1:colcon.colcon_core.environment:checking '/home/mr/msr_ws/install/teleop/lib'
[6.567s] Level 1:colcon.colcon_core.environment:checking '/home/mr/msr_ws/install/teleop/bin'
[6.568s] Level 1:colcon.colcon_core.environment:checking '/home/mr/msr_ws/install/teleop/lib/pkgconfig/teleop.pc'
[6.569s] Level 1:colcon.colcon_core.environment:checking '/home/mr/msr_ws/install/teleop/lib/python3.10/site-packages'
[6.569s] Level 1:colcon.colcon_core.shell:create_environment_hook('teleop', 'pythonpath')
[6.574s] INFO:colcon.colcon_core.shell:Creating environment hook '/home/mr/msr_ws/install/teleop/share/teleop/hook/pythonpath.ps1'
[6.576s] INFO:colcon.colcon_core.shell:Creating environment descriptor '/home/mr/msr_ws/install/teleop/share/teleop/hook/pythonpath.dsv'
[6.578s] INFO:colcon.colcon_core.shell:Creating environment hook '/home/mr/msr_ws/install/teleop/share/teleop/hook/pythonpath.sh'
[6.580s] Level 1:colcon.colcon_core.environment:checking '/home/mr/msr_ws/install/teleop/bin'
[6.581s] Level 1:colcon.colcon_core.environment:create_environment_scripts_only(teleop)
[6.586s] INFO:colcon.colcon_core.shell:Creating package script '/home/mr/msr_ws/install/teleop/share/teleop/package.ps1'
[6.590s] INFO:colcon.colcon_core.shell:Creating package descriptor '/home/mr/msr_ws/install/teleop/share/teleop/package.dsv'
[6.593s] INFO:colcon.colcon_core.shell:Creating package script '/home/mr/msr_ws/install/teleop/share/teleop/package.sh'
[6.596s] INFO:colcon.colcon_core.shell:Creating package script '/home/mr/msr_ws/install/teleop/share/teleop/package.bash'
[6.600s] INFO:colcon.colcon_core.shell:Creating package script '/home/mr/msr_ws/install/teleop/share/teleop/package.zsh'
[6.603s] Level 1:colcon.colcon_core.environment:create_file_with_runtime_dependencies(/home/mr/msr_ws/install/teleop/share/colcon-core/packages/teleop)
[6.604s] DEBUG:colcon.colcon_parallel_executor.executor.parallel:closing loop
[6.606s] DEBUG:colcon.colcon_parallel_executor.executor.parallel:loop closed
[6.606s] DEBUG:colcon.colcon_parallel_executor.executor.parallel:run_until_complete finished with '0'
[6.606s] DEBUG:colcon.colcon_core.event_reactor:joining thread
[6.631s] INFO:colcon.colcon_core.plugin_system:Skipping extension 'colcon_notification.desktop_notification.terminal_notifier': Not used on non-Darwin systems
[6.632s] INFO:colcon.colcon_core.plugin_system:Skipping extension 'colcon_notification.desktop_notification.win32': Not used on non-Windows systems
[6.632s] INFO:colcon.colcon_notification.desktop_notification:Sending desktop notification using 'notify2'
[6.689s] DEBUG:colcon.colcon_core.event_reactor:joined thread
[6.695s] INFO:colcon.colcon_core.shell:Creating prefix script '/home/mr/msr_ws/install/local_setup.ps1'
[6.702s] INFO:colcon.colcon_core.shell:Creating prefix util module '/home/mr/msr_ws/install/_local_setup_util_ps1.py'
[6.709s] INFO:colcon.colcon_core.shell:Creating prefix chain script '/home/mr/msr_ws/install/setup.ps1'
[6.718s] INFO:colcon.colcon_core.shell:Creating prefix script '/home/mr/msr_ws/install/local_setup.sh'
[6.725s] INFO:colcon.colcon_core.shell:Creating prefix util module '/home/mr/msr_ws/install/_local_setup_util_sh.py'
[6.728s] INFO:colcon.colcon_core.shell:Creating prefix chain script '/home/mr/msr_ws/install/setup.sh'
[6.736s] INFO:colcon.colcon_core.shell:Creating prefix script '/home/mr/msr_ws/install/local_setup.bash'
[6.740s] INFO:colcon.colcon_core.shell:Creating prefix chain script '/home/mr/msr_ws/install/setup.bash'
[6.747s] INFO:colcon.colcon_core.shell:Creating prefix script '/home/mr/msr_ws/install/local_setup.zsh'
[6.750s] INFO:colcon.colcon_core.shell:Creating prefix chain script '/home/mr/msr_ws/install/setup.zsh'
