running egg_info
creating ../../build/teleop/teleop.egg-info
writing ../../build/teleop/teleop.egg-info/PKG-INFO
writing dependency_links to ../../build/teleop/teleop.egg-info/dependency_links.txt
writing entry points to ../../build/teleop/teleop.egg-info/entry_points.txt
writing requirements to ../../build/teleop/teleop.egg-info/requires.txt
writing top-level names to ../../build/teleop/teleop.egg-info/top_level.txt
writing manifest file '../../build/teleop/teleop.egg-info/SOURCES.txt'
reading manifest file '../../build/teleop/teleop.egg-info/SOURCES.txt'
writing manifest file '../../build/teleop/teleop.egg-info/SOURCES.txt'
running build
running build_py
creating /home/mr/msr_ws/build/teleop/build
creating /home/mr/msr_ws/build/teleop/build/lib
creating /home/mr/msr_ws/build/teleop/build/lib/teleop
copying teleop/__init__.py -> /home/mr/msr_ws/build/teleop/build/lib/teleop
copying teleop/subscriber_member_function.py -> /home/mr/msr_ws/build/teleop/build/lib/teleop
running install
/usr/lib/python3/dist-packages/setuptools/command/install.py:34: SetuptoolsDeprecationWarning: setup.py install is deprecated. Use build and pip and other standards-based tools.
  warnings.warn(
running install_lib
creating /home/mr/msr_ws/install/teleop/lib/python3.10/site-packages/teleop
copying /home/mr/msr_ws/build/teleop/build/lib/teleop/__init__.py -> /home/mr/msr_ws/install/teleop/lib/python3.10/site-packages/teleop
copying /home/mr/msr_ws/build/teleop/build/lib/teleop/subscriber_member_function.py -> /home/mr/msr_ws/install/teleop/lib/python3.10/site-packages/teleop
byte-compiling /home/mr/msr_ws/install/teleop/lib/python3.10/site-packages/teleop/__init__.py to __init__.cpython-310.pyc
byte-compiling /home/mr/msr_ws/install/teleop/lib/python3.10/site-packages/teleop/subscriber_member_function.py to subscriber_member_function.cpython-310.pyc
running install_data
creating /home/mr/msr_ws/install/teleop/share/ament_index
creating /home/mr/msr_ws/install/teleop/share/ament_index/resource_index
creating /home/mr/msr_ws/install/teleop/share/ament_index/resource_index/packages
copying resource/teleop -> /home/mr/msr_ws/install/teleop/share/ament_index/resource_index/packages
copying package.xml -> /home/mr/msr_ws/install/teleop/share/teleop
running install_egg_info
Copying ../../build/teleop/teleop.egg-info to /home/mr/msr_ws/install/teleop/lib/python3.10/site-packages/teleop-0.0.0-py3.10.egg-info
running install_scripts
Installing listener script to /home/mr/msr_ws/install/teleop/lib/teleop
writing list of installed files to '/home/mr/msr_ws/build/teleop/install.log'
