[0.677s] Invoking command in '/home/tn/msr_ws/src/teleop': PYTHONPATH=/home/tn/msr_ws/build/teleop/prefix_override:/home/tn/msr_ws/install/teleop/lib/python3.10/site-packages:${PYTHONPATH} /usr/bin/python3 setup.py egg_info --egg-base ../../build/teleop build --build-base /home/tn/msr_ws/build/teleop/build install --record /home/tn/msr_ws/build/teleop/install.log --single-version-externally-managed
[0.911s] running egg_info
[0.912s] creating ../../build/teleop/teleop.egg-info
[0.912s] writing ../../build/teleop/teleop.egg-info/PKG-INFO
[0.913s] writing dependency_links to ../../build/teleop/teleop.egg-info/dependency_links.txt
[0.913s] writing entry points to ../../build/teleop/teleop.egg-info/entry_points.txt
[0.913s] writing requirements to ../../build/teleop/teleop.egg-info/requires.txt
[0.913s] writing top-level names to ../../build/teleop/teleop.egg-info/top_level.txt
[0.913s] writing manifest file '../../build/teleop/teleop.egg-info/SOURCES.txt'
[0.915s] reading manifest file '../../build/teleop/teleop.egg-info/SOURCES.txt'
[0.916s] writing manifest file '../../build/teleop/teleop.egg-info/SOURCES.txt'
[0.916s] running build
[0.916s] running build_py
[0.916s] creating /home/tn/msr_ws/build/teleop/build
[0.916s] creating /home/tn/msr_ws/build/teleop/build/lib
[0.916s] creating /home/tn/msr_ws/build/teleop/build/lib/teleop
[0.917s] copying teleop/publisher_member_function.py -> /home/tn/msr_ws/build/teleop/build/lib/teleop
[0.917s] copying teleop/__init__.py -> /home/tn/msr_ws/build/teleop/build/lib/teleop
[0.917s] copying teleop/controller.py -> /home/tn/msr_ws/build/teleop/build/lib/teleop
[0.917s] running install
[0.919s] /usr/lib/python3/dist-packages/setuptools/command/install.py:34: SetuptoolsDeprecationWarning: setup.py install is deprecated. Use build and pip and other standards-based tools.
[0.919s]   warnings.warn(
[0.919s] running install_lib
[0.920s] creating /home/tn/msr_ws/install/teleop/lib/python3.10/site-packages/teleop
[0.920s] copying /home/tn/msr_ws/build/teleop/build/lib/teleop/publisher_member_function.py -> /home/tn/msr_ws/install/teleop/lib/python3.10/site-packages/teleop
[0.920s] copying /home/tn/msr_ws/build/teleop/build/lib/teleop/__init__.py -> /home/tn/msr_ws/install/teleop/lib/python3.10/site-packages/teleop
[0.920s] copying /home/tn/msr_ws/build/teleop/build/lib/teleop/controller.py -> /home/tn/msr_ws/install/teleop/lib/python3.10/site-packages/teleop
[0.921s] byte-compiling /home/tn/msr_ws/install/teleop/lib/python3.10/site-packages/teleop/publisher_member_function.py to publisher_member_function.cpython-310.pyc
[0.922s] byte-compiling /home/tn/msr_ws/install/teleop/lib/python3.10/site-packages/teleop/__init__.py to __init__.cpython-310.pyc
[0.922s] byte-compiling /home/tn/msr_ws/install/teleop/lib/python3.10/site-packages/teleop/controller.py to controller.cpython-310.pyc
[0.927s] running install_data
[0.928s] creating /home/tn/msr_ws/install/teleop/share/ament_index
[0.928s] creating /home/tn/msr_ws/install/teleop/share/ament_index/resource_index
[0.928s] creating /home/tn/msr_ws/install/teleop/share/ament_index/resource_index/packages
[0.928s] copying resource/teleop -> /home/tn/msr_ws/install/teleop/share/ament_index/resource_index/packages
[0.928s] copying package.xml -> /home/tn/msr_ws/install/teleop/share/teleop
[0.928s] running install_egg_info
[0.930s] Copying ../../build/teleop/teleop.egg-info to /home/tn/msr_ws/install/teleop/lib/python3.10/site-packages/teleop-0.0.0-py3.10.egg-info
[0.930s] running install_scripts
[0.951s] Installing talker script to /home/tn/msr_ws/install/teleop/lib/teleop
[0.951s] writing list of installed files to '/home/tn/msr_ws/build/teleop/install.log'
[0.979s] Invoked command in '/home/tn/msr_ws/src/teleop' returned '0': PYTHONPATH=/home/tn/msr_ws/build/teleop/prefix_override:/home/tn/msr_ws/install/teleop/lib/python3.10/site-packages:${PYTHONPATH} /usr/bin/python3 setup.py egg_info --egg-base ../../build/teleop build --build-base /home/tn/msr_ws/build/teleop/build install --record /home/tn/msr_ws/build/teleop/install.log --single-version-externally-managed
