[3.124s] Invoking command in '/home/mr/msr_ws/src/teleop': PYTHONPATH=/home/mr/msr_ws/build/teleop/prefix_override:/home/mr/msr_ws/install/teleop/lib/python3.10/site-packages:${PYTHONPATH} /usr/bin/python3 setup.py egg_info --egg-base ../../build/teleop build --build-base /home/mr/msr_ws/build/teleop/build install --record /home/mr/msr_ws/build/teleop/install.log --single-version-externally-managed
[4.254s] running egg_info
[4.257s] writing ../../build/teleop/teleop.egg-info/PKG-INFO
[4.258s] writing dependency_links to ../../build/teleop/teleop.egg-info/dependency_links.txt
[4.259s] writing entry points to ../../build/teleop/teleop.egg-info/entry_points.txt
[4.260s] writing requirements to ../../build/teleop/teleop.egg-info/requires.txt
[4.261s] writing top-level names to ../../build/teleop/teleop.egg-info/top_level.txt
[4.272s] reading manifest file '../../build/teleop/teleop.egg-info/SOURCES.txt'
[4.274s] writing manifest file '../../build/teleop/teleop.egg-info/SOURCES.txt'
[4.277s] running build
[4.278s] running build_py
[4.279s] running install
[4.279s] /usr/lib/python3/dist-packages/setuptools/command/install.py:34: SetuptoolsDeprecationWarning: setup.py install is deprecated. Use build and pip and other standards-based tools.
[4.280s]   warnings.warn(
[4.280s] running install_lib
[4.287s] running install_data
[4.291s] running install_egg_info
[4.297s] removing '/home/mr/msr_ws/install/teleop/lib/python3.10/site-packages/teleop-0.0.0-py3.10.egg-info' (and everything under it)
[4.299s] Copying ../../build/teleop/teleop.egg-info to /home/mr/msr_ws/install/teleop/lib/python3.10/site-packages/teleop-0.0.0-py3.10.egg-info
[4.308s] running install_scripts
[4.392s] Installing listener script to /home/mr/msr_ws/install/teleop/lib/teleop
[4.394s] writing list of installed files to '/home/mr/msr_ws/build/teleop/install.log'
[4.524s] Invoked command in '/home/mr/msr_ws/src/teleop' returned '0': PYTHONPATH=/home/mr/msr_ws/build/teleop/prefix_override:/home/mr/msr_ws/install/teleop/lib/python3.10/site-packages:${PYTHONPATH} /usr/bin/python3 setup.py egg_info --egg-base ../../build/teleop build --build-base /home/mr/msr_ws/build/teleop/build install --record /home/mr/msr_ws/build/teleop/install.log --single-version-externally-managed
