[3.147s] Invoking command in '/home/mr/msr_ws/src/teleop': PYTHONPATH=/home/mr/msr_ws/build/teleop/prefix_override:/home/mr/msr_ws/install/teleop/lib/python3.10/site-packages:${PYTHONPATH} /usr/bin/python3 setup.py egg_info --egg-base ../../build/teleop build --build-base /home/mr/msr_ws/build/teleop/build install --record /home/mr/msr_ws/build/teleop/install.log --single-version-externally-managed
[4.263s] running egg_info
[4.268s] writing ../../build/teleop/teleop.egg-info/PKG-INFO
[4.271s] writing dependency_links to ../../build/teleop/teleop.egg-info/dependency_links.txt
[4.276s] writing entry points to ../../build/teleop/teleop.egg-info/entry_points.txt
[4.277s] writing requirements to ../../build/teleop/teleop.egg-info/requires.txt
[4.278s] writing top-level names to ../../build/teleop/teleop.egg-info/top_level.txt
[4.285s] reading manifest file '../../build/teleop/teleop.egg-info/SOURCES.txt'
[4.289s] writing manifest file '../../build/teleop/teleop.egg-info/SOURCES.txt'
[4.289s] running build
[4.290s] running build_py
[4.290s] copying teleop/subscriber_member_function.py -> /home/mr/msr_ws/build/teleop/build/lib/teleop
[4.292s] running install
[4.293s] /usr/lib/python3/dist-packages/setuptools/command/install.py:34: SetuptoolsDeprecationWarning: setup.py install is deprecated. Use build and pip and other standards-based tools.
[4.294s]   warnings.warn(
[4.295s] running install_lib
[4.298s] copying /home/mr/msr_ws/build/teleop/build/lib/teleop/subscriber_member_function.py -> /home/mr/msr_ws/install/teleop/lib/python3.10/site-packages/teleop
[4.300s] byte-compiling /home/mr/msr_ws/install/teleop/lib/python3.10/site-packages/teleop/subscriber_member_function.py to subscriber_member_function.cpython-310.pyc
[4.304s] running install_data
[4.308s] running install_egg_info
[4.315s] removing '/home/mr/msr_ws/install/teleop/lib/python3.10/site-packages/teleop-0.0.0-py3.10.egg-info' (and everything under it)
[4.317s] Copying ../../build/teleop/teleop.egg-info to /home/mr/msr_ws/install/teleop/lib/python3.10/site-packages/teleop-0.0.0-py3.10.egg-info
[4.322s] running install_scripts
[4.408s] Installing listener script to /home/mr/msr_ws/install/teleop/lib/teleop
[4.409s] writing list of installed files to '/home/mr/msr_ws/build/teleop/install.log'
[4.544s] Invoked command in '/home/mr/msr_ws/src/teleop' returned '0': PYTHONPATH=/home/mr/msr_ws/build/teleop/prefix_override:/home/mr/msr_ws/install/teleop/lib/python3.10/site-packages:${PYTHONPATH} /usr/bin/python3 setup.py egg_info --egg-base ../../build/teleop build --build-base /home/mr/msr_ws/build/teleop/build install --record /home/mr/msr_ws/build/teleop/install.log --single-version-externally-managed
